<?xml version="1.0" encoding="UTF-8"?>
<testng-results skipped="0" failed="0" ignored="0" total="4" passed="4">
  <reporter-output>
    <line>
      <![CDATA[[INFO ] [2021-03-24 23:58:58,613] Register_To_System - Step 01: Open Home Page
<br>]]>
    </line>
    <line>
      <![CDATA[[INFO ] [2021-03-24 23:58:58,638] Register_To_System - Step 02: Click to Register link
<br>]]>
    </line>
    <line>
      <![CDATA[[INFO ] [2021-03-24 23:59:01,422] Register_To_System - Step 03: Select gender male
<br>]]>
    </line>
    <line>
      <![CDATA[[INFO ] [2021-03-24 23:59:01,560] Register_To_System - Step 04: Input to Firstname with: Bernetta
<br>]]>
    </line>
    <line>
      <![CDATA[[INFO ] [2021-03-24 23:59:01,735] Register_To_System - Step 05: Input to Lastname with: Leannon
<br>]]>
    </line>
    <line>
      <![CDATA[[INFO ] [2021-03-24 23:59:01,902] Register_To_System - Step 06: Select day: 24
<br>]]>
    </line>
    <line>
      <![CDATA[[INFO ] [2021-03-24 23:59:02,043] Register_To_System - Step 07: Select month: August
<br>]]>
    </line>
    <line>
      <![CDATA[[INFO ] [2021-03-24 23:59:02,186] Register_To_System - Step 08: Select year: 1990
<br>]]>
    </line>
    <line>
      <![CDATA[[INFO ] [2021-03-24 23:59:02,345] Register_To_System - Step 09: Input to Email with: karla.price@gmail.com
<br>]]>
    </line>
    <line>
      <![CDATA[[INFO ] [2021-03-24 23:59:02,496] Register_To_System - Step 10: Input to Company name with: Jakubowski, Bartell and Roob
<br>]]>
    </line>
    <line>
      <![CDATA[[INFO ] [2021-03-24 23:59:02,661] Register_To_System - Step 11: Input to Password with: plehce3f1
<br>]]>
    </line>
    <line>
      <![CDATA[[INFO ] [2021-03-24 23:59:02,808] Register_To_System - Step 12: Input to Confirm Password with: plehce3f1
<br>]]>
    </line>
    <line>
      <![CDATA[[INFO ] [2021-03-24 23:59:02,955] Register_To_System - Step 13: Click to Register button
<br>]]>
    </line>
    <line>
      <![CDATA[[INFO ] [2021-03-24 23:59:05,205] Register_To_System - Step 14: Verify Register Success Message Displayed
<br>]]>
    </line>
    <line>
      <![CDATA[[INFO ] [2021-03-24 23:59:05,312]  -------------------------- PASSED -------------------------- 
<br>]]>
    </line>
    <line>
      <![CDATA[[INFO ] [2021-03-24 23:59:10,152] Precondition 01: Open Home Page
<br>]]>
    </line>
    <line>
      <![CDATA[[INFO ] [2021-03-24 23:59:10,154] Precondition 02: Click to Login link
<br>]]>
    </line>
    <line>
      <![CDATA[[INFO ] [2021-03-24 23:59:13,561] Precondition 03: Input valid email to Email textbox with: karla.price@gmail.com
<br>]]>
    </line>
    <line>
      <![CDATA[[INFO ] [2021-03-24 23:59:13,720] Precondition 04: Input valid password to Password textbox with: plehce3f1
<br>]]>
    </line>
    <line>
      <![CDATA[[INFO ] [2021-03-24 23:59:13,886] Precondition 05: Click to Login button
<br>]]>
    </line>
    <line>
      <![CDATA[[INFO ] [2021-03-24 23:59:17,312] Precondition 06: Verify My Account Link Displayed
<br>]]>
    </line>
    <line>
      <![CDATA[[INFO ] [2021-03-24 23:59:17,384]  -------------------------- PASSED -------------------------- 
<br>]]>
    </line>
    <line>
      <![CDATA[[INFO ] [2021-03-24 23:59:17,384] Precondition 07: Click to My Account Link
<br>]]>
    </line>
    <line>
      <![CDATA[[INFO ] [2021-03-24 23:59:19,980] My_Account_01_Customer_Info - Step 01: Update Gender to female
<br>]]>
    </line>
    <line>
      <![CDATA[[INFO ] [2021-03-24 23:59:20,097] My_Account_01_Customer_Info - Step 02: Update Firstname to Jamie
<br>]]>
    </line>
    <line>
      <![CDATA[[INFO ] [2021-03-24 23:59:20,262] My_Account_01_Customer_Info - Step 03: Update Lastname to Tillman
<br>]]>
    </line>
    <line>
      <![CDATA[[INFO ] [2021-03-24 23:59:20,417] My_Account_01_Customer_Info - Step 04: Update DOB Day to 1
<br>]]>
    </line>
    <line>
      <![CDATA[[INFO ] [2021-03-24 23:59:20,571] My_Account_01_Customer_Info - Step 05: Update DOB Month to January
<br>]]>
    </line>
    <line>
      <![CDATA[[INFO ] [2021-03-24 23:59:20,723] My_Account_01_Customer_Info - Step 06: Update DOB Year to 1999
<br>]]>
    </line>
    <line>
      <![CDATA[[INFO ] [2021-03-24 23:59:20,870] My_Account_01_Customer_Info - Step 07: Update Email to caitlyn.stoltenberg@gmail.com
<br>]]>
    </line>
    <line>
      <![CDATA[[INFO ] [2021-03-24 23:59:21,029] My_Account_01_Customer_Info - Step 08: Update Company name to Kunze-Cormier
<br>]]>
    </line>
    <line>
      <![CDATA[[INFO ] [2021-03-24 23:59:21,191] My_Account_01_Customer_Info - Step 09: Click Save button
<br>]]>
    </line>
    <line>
      <![CDATA[[INFO ] [2021-03-24 23:59:23,161] My_Account_01_Customer_Info - Step 10: Verify new Gender
<br>]]>
    </line>
    <line>
      <![CDATA[[INFO ] [2021-03-24 23:59:23,255]  -------------------------- PASSED -------------------------- 
<br>]]>
    </line>
    <line>
      <![CDATA[[INFO ] [2021-03-24 23:59:23,256] My_Account_01_Customer_Info - Step 11: Verify new Firstname
<br>]]>
    </line>
    <line>
      <![CDATA[[INFO ] [2021-03-24 23:59:23,336]  -------------------------- PASSED -------------------------- 
<br>]]>
    </line>
    <line>
      <![CDATA[[INFO ] [2021-03-24 23:59:23,336] My_Account_01_Customer_Info - Step 12: Verify new Lastname
<br>]]>
    </line>
    <line>
      <![CDATA[[INFO ] [2021-03-24 23:59:23,401]  -------------------------- PASSED -------------------------- 
<br>]]>
    </line>
    <line>
      <![CDATA[[INFO ] [2021-03-24 23:59:23,401] My_Account_01_Customer_Info - Step 13: Verify new DOB Day
<br>]]>
    </line>
    <line>
      <![CDATA[[INFO ] [2021-03-24 23:59:23,528]  -------------------------- PASSED -------------------------- 
<br>]]>
    </line>
    <line>
      <![CDATA[[INFO ] [2021-03-24 23:59:23,528] My_Account_01_Customer_Info - Step 14: Verify new DOB Month
<br>]]>
    </line>
    <line>
      <![CDATA[[INFO ] [2021-03-24 23:59:23,636]  -------------------------- PASSED -------------------------- 
<br>]]>
    </line>
    <line>
      <![CDATA[[INFO ] [2021-03-24 23:59:23,636] My_Account_01_Customer_Info - Step 15: Verify new DOB Year
<br>]]>
    </line>
    <line>
      <![CDATA[[INFO ] [2021-03-24 23:59:24,498]  -------------------------- PASSED -------------------------- 
<br>]]>
    </line>
    <line>
      <![CDATA[[INFO ] [2021-03-24 23:59:24,498] My_Account_01_Customer_Info - Step 16: Verify new Email
<br>]]>
    </line>
    <line>
      <![CDATA[[INFO ] [2021-03-24 23:59:24,574]  -------------------------- PASSED -------------------------- 
<br>]]>
    </line>
    <line>
      <![CDATA[[INFO ] [2021-03-24 23:59:24,574] My_Account_01_Customer_Info - Step 17: Verify new Company name
<br>]]>
    </line>
    <line>
      <![CDATA[[INFO ] [2021-03-24 23:59:24,637]  -------------------------- PASSED -------------------------- 
<br>]]>
    </line>
    <line>
      <![CDATA[[INFO ] [2021-03-24 23:59:24,759] My_Account_02_Addresses - Step 01: Click to Addresses link
<br>]]>
    </line>
    <line>
      <![CDATA[[INFO ] [2021-03-24 23:59:28,035] My_Account_02_Addresses - Step 02: Click to Add new button
<br>]]>
    </line>
    <line>
      <![CDATA[[INFO ] [2021-03-24 23:59:29,680] My_Account_02_Addresses - Step 03: Input to Firstname with: Isidro
<br>]]>
    </line>
    <line>
      <![CDATA[[INFO ] [2021-03-24 23:59:29,858] My_Account_02_Addresses - Step 04: Input to Lastname with: Runolfsdottir
<br>]]>
    </line>
    <line>
      <![CDATA[[INFO ] [2021-03-24 23:59:30,027] My_Account_02_Addresses - Step 05: Input to Email with: ila.wuckert@hotmail.com
<br>]]>
    </line>
    <line>
      <![CDATA[[INFO ] [2021-03-24 23:59:30,196] My_Account_02_Addresses - Step 06: Input to Company with: Dickinson, Watsica and Bruen
<br>]]>
    </line>
    <line>
      <![CDATA[[INFO ] [2021-03-24 23:59:30,361] My_Account_02_Addresses - Step 07: Select Country with: United States
<br>]]>
    </line>
    <line>
      <![CDATA[[INFO ] [2021-03-24 23:59:30,511] My_Account_02_Addresses - Step 08: Select State/ province with: Alaska
<br>]]>
    </line>
    <line>
      <![CDATA[[INFO ] [2021-03-24 23:59:30,873] My_Account_02_Addresses - Step 09: Input to City with: West Dick
<br>]]>
    </line>
    <line>
      <![CDATA[[INFO ] [2021-03-24 23:59:31,016] My_Account_02_Addresses - Step 10: Input to Address 1 with: 5264 Gustavo Centers
<br>]]>
    </line>
    <line>
      <![CDATA[[INFO ] [2021-03-24 23:59:31,167] My_Account_02_Addresses - Step 11: Input to Address 2 with: 973 Dicki Fork
<br>]]>
    </line>
    <line>
      <![CDATA[[INFO ] [2021-03-24 23:59:31,300] My_Account_02_Addresses - Step 12: Input to Zip/ postal code with: 71169-3904
<br>]]>
    </line>
    <line>
      <![CDATA[[INFO ] [2021-03-24 23:59:31,457] My_Account_02_Addresses - Step 13: Input to Phone number with: 601-391-9683 x607
<br>]]>
    </line>
    <line>
      <![CDATA[[INFO ] [2021-03-24 23:59:31,607] My_Account_02_Addresses - Step 14: Input to Fax number with: 1-298-628-6924 x733
<br>]]>
    </line>
    <line>
      <![CDATA[[INFO ] [2021-03-24 23:59:31,767] My_Account_02_Addresses - Step 15: Click to Save button
<br>]]>
    </line>
    <line>
      <![CDATA[[INFO ] [2021-03-24 23:59:33,647] My_Account_02_Addresses - Step 16: Verify Fullname
<br>]]>
    </line>
    <line>
      <![CDATA[[INFO ] [2021-03-24 23:59:33,720]  -------------------------- PASSED -------------------------- 
<br>]]>
    </line>
    <line>
      <![CDATA[[INFO ] [2021-03-24 23:59:33,720] My_Account_02_Addresses - Step 18: Verify Email
<br>]]>
    </line>
    <line>
      <![CDATA[[INFO ] [2021-03-24 23:59:33,754]  -------------------------- PASSED -------------------------- 
<br>]]>
    </line>
    <line>
      <![CDATA[[INFO ] [2021-03-24 23:59:33,754] My_Account_02_Addresses - Step 19: Verify Company
<br>]]>
    </line>
    <line>
      <![CDATA[[INFO ] [2021-03-24 23:59:33,779]  -------------------------- PASSED -------------------------- 
<br>]]>
    </line>
    <line>
      <![CDATA[[INFO ] [2021-03-24 23:59:33,779] My_Account_02_Addresses - Step 20: Verify Country
<br>]]>
    </line>
    <line>
      <![CDATA[[INFO ] [2021-03-24 23:59:33,810]  -------------------------- PASSED -------------------------- 
<br>]]>
    </line>
    <line>
      <![CDATA[[INFO ] [2021-03-24 23:59:33,810] My_Account_02_Addresses - Step 21: Verify City State/ province Zip
<br>]]>
    </line>
    <line>
      <![CDATA[[INFO ] [2021-03-24 23:59:33,851]  -------------------------- PASSED -------------------------- 
<br>]]>
    </line>
    <line>
      <![CDATA[[INFO ] [2021-03-24 23:59:33,852] My_Account_02_Addresses - Step 22: Verify Address 1
<br>]]>
    </line>
    <line>
      <![CDATA[[INFO ] [2021-03-24 23:59:33,889]  -------------------------- PASSED -------------------------- 
<br>]]>
    </line>
    <line>
      <![CDATA[[INFO ] [2021-03-24 23:59:33,889] My_Account_02_Addresses - Step 23: Verify Address 2
<br>]]>
    </line>
    <line>
      <![CDATA[[INFO ] [2021-03-24 23:59:33,920]  -------------------------- PASSED -------------------------- 
<br>]]>
    </line>
    <line>
      <![CDATA[[INFO ] [2021-03-24 23:59:33,920] My_Account_02_Addresses - Step 24: Verify Phone number
<br>]]>
    </line>
    <line>
      <![CDATA[[INFO ] [2021-03-24 23:59:33,951]  -------------------------- PASSED -------------------------- 
<br>]]>
    </line>
    <line>
      <![CDATA[[INFO ] [2021-03-24 23:59:33,951] My_Account_02_Addresses - Step 25: Verify Fax number
<br>]]>
    </line>
    <line>
      <![CDATA[[INFO ] [2021-03-24 23:59:33,979]  -------------------------- PASSED -------------------------- 
<br>]]>
    </line>
    <line>
      <![CDATA[[INFO ] [2021-03-24 23:59:33,985] My_Account_03_Change_Password - Step 01: Click to Change Password link
<br>]]>
    </line>
    <line>
      <![CDATA[[INFO ] [2021-03-24 23:59:36,503] My_Account_03_Change_Password - Step 02: Input to Old Password with: plehce3f1
<br>]]>
    </line>
    <line>
      <![CDATA[[INFO ] [2021-03-24 23:59:36,681] My_Account_03_Change_Password - Step 03: Input to New Password with: gk2fo05heku808
<br>]]>
    </line>
    <line>
      <![CDATA[[INFO ] [2021-03-24 23:59:36,839] My_Account_03_Change_Password - Step 04: Input to Confirm New Password with: gk2fo05heku808
<br>]]>
    </line>
    <line>
      <![CDATA[[INFO ] [2021-03-24 23:59:36,985] My_Account_03_Change_Password - Step 05: Click to Change Password button
<br>]]>
    </line>
    <line>
      <![CDATA[[INFO ] [2021-03-24 23:59:38,559] My_Account_03_Change_Password - Step 06: Verify Password was changed
<br>]]>
    </line>
    <line>
      <![CDATA[[INFO ] [2021-03-24 23:59:38,647]  -------------------------- PASSED -------------------------- 
<br>]]>
    </line>
    <line>
      <![CDATA[[INFO ] [2021-03-24 23:59:38,647] My_Account_03_Change_Password - Step 07: Close Change Password Success Message
<br>]]>
    </line>
    <line>
      <![CDATA[[INFO ] [2021-03-24 23:59:39,772] My_Account_03_Change_Password - Step 08: Click to Log out link
<br>]]>
    </line>
    <line>
      <![CDATA[[INFO ] [2021-03-24 23:59:41,643] My_Account_03_Change_Password - Step 09: Click to Log in link
<br>]]>
    </line>
    <line>
      <![CDATA[[INFO ] [2021-03-24 23:59:44,213] My_Account_03_Change_Password - Step 10: Input to Email with: caitlyn.stoltenberg@gmail.com
<br>]]>
    </line>
    <line>
      <![CDATA[[INFO ] [2021-03-24 23:59:44,404] My_Account_03_Change_Password - Step 11: Input to Password with: plehce3f1
<br>]]>
    </line>
    <line>
      <![CDATA[[INFO ] [2021-03-24 23:59:44,542] My_Account_03_Change_Password - Step 12: Click to Log in button
<br>]]>
    </line>
    <line>
      <![CDATA[[INFO ] [2021-03-24 23:59:46,068] My_Account_03_Change_Password - Step 13: Verify Invalid Password Message Displayed
<br>]]>
    </line>
    <line>
      <![CDATA[[INFO ] [2021-03-24 23:59:46,173]  -------------------------- PASSED -------------------------- 
<br>]]>
    </line>
    <line>
      <![CDATA[[INFO ] [2021-03-24 23:59:46,173] My_Account_03_Change_Password - Step 14: Input to Email with: caitlyn.stoltenberg@gmail.com
<br>]]>
    </line>
    <line>
      <![CDATA[[INFO ] [2021-03-24 23:59:46,327] My_Account_03_Change_Password - Step 15: Input to Password with: gk2fo05heku808
<br>]]>
    </line>
    <line>
      <![CDATA[[INFO ] [2021-03-24 23:59:46,470] My_Account_03_Change_Password - Step 16: Click to Log in button
<br>]]>
    </line>
    <line>
      <![CDATA[[INFO ] [2021-03-24 23:59:49,243] My_Account_03_Change_Password - Step 17: Verify My Account Link Displayed
<br>]]>
    </line>
    <line>
      <![CDATA[[INFO ] [2021-03-24 23:59:49,328]  -------------------------- PASSED -------------------------- 
<br>]]>
    </line>
    <line>
      <![CDATA[[INFO ] [2021-03-24 23:59:49,331] My_Account_04_My_Product_Reviews - Step 01: Click to Product name with: Apple MacBook Pro 13-inch
<br>]]>
    </line>
    <line>
      <![CDATA[[INFO ] [2021-03-24 23:59:51,626] My_Account_04_My_Product_Reviews - Step 02: Click to Add your review
<br>]]>
    </line>
    <line>
      <![CDATA[[INFO ] [2021-03-24 23:59:54,156] My_Account_04_My_Product_Reviews - Step 03: Input to Review title with: Review title
<br>]]>
    </line>
    <line>
      <![CDATA[[INFO ] [2021-03-24 23:59:54,347] My_Account_04_My_Product_Reviews - Step 04: Input to Review text with: Review text
<br>]]>
    </line>
    <line>
      <![CDATA[[INFO ] [2021-03-24 23:59:54,485] My_Account_04_My_Product_Reviews - Step 05: Select rating with value: 5
<br>]]>
    </line>
    <line>
      <![CDATA[[INFO ] [2021-03-24 23:59:54,600] My_Account_04_My_Product_Reviews - Step 06: Click to Submit review
<br>]]>
    </line>
    <line>
      <![CDATA[[INFO ] [2021-03-24 23:59:56,117] My_Account_04_My_Product_Reviews - Step 07: Verify Product review success message displayed
<br>]]>
    </line>
    <line>
      <![CDATA[[INFO ] [2021-03-24 23:59:56,220]  -------------------------- PASSED -------------------------- 
<br>]]>
    </line>
    <line>
      <![CDATA[[INFO ] [2021-03-24 23:59:56,221] My_Account_04_My_Product_Reviews - Step 08: Click to My Account link
<br>]]>
    </line>
    <line>
      <![CDATA[[INFO ] [2021-03-24 23:59:56,731] My_Account_04_My_Product_Reviews - Step 09: Click to My product reviews link
<br>]]>
    </line>
    <line>
      <![CDATA[[INFO ] [2021-03-24 23:59:59,983] My_Account_04_My_Product_Reviews - Step 10: Verify Review title
<br>]]>
    </line>
    <line>
      <![CDATA[[INFO ] [2021-03-25 00:00:00,077]  -------------------------- PASSED -------------------------- 
<br>]]>
    </line>
    <line>
      <![CDATA[[INFO ] [2021-03-25 00:00:00,077] My_Account_04_My_Product_Reviews - Step 11: Verify Review text
<br>]]>
    </line>
    <line>
      <![CDATA[[INFO ] [2021-03-25 00:00:00,158]  -------------------------- PASSED -------------------------- 
<br>]]>
    </line>
    <line>
      <![CDATA[[INFO ] [2021-03-25 00:00:00,159] My_Account_04_My_Product_Reviews - Step 12: Verify Rating
<br>]]>
    </line>
    <line>
      <![CDATA[[INFO ] [2021-03-25 00:00:00,227]  -------------------------- PASSED -------------------------- 
<br>]]>
    </line>
    <line>
      <![CDATA[[INFO ] [2021-03-25 00:00:01,063] ---------- QUIT BROWSER SUCCESS ----------
<br>]]>
    </line>
  </reporter-output>
  <suite name="Nop Commerce" duration-ms="68578" started-at="2021-03-24T16:58:52Z" finished-at="2021-03-24T17:00:01Z">
    <groups>
    </groups>
    <test name="Run on Chrome" duration-ms="68578" started-at="2021-03-24T16:58:52Z" finished-at="2021-03-24T17:00:01Z">
      <class name="com.nopcommerce.My_Account">
        <test-method status="PASS" signature="beforeTest(java.lang.String, java.lang.String)[pri:0, instance:com.nopcommerce.My_Account@1deb2c43]" name="beforeTest" is-config="true" duration-ms="13478" started-at="2021-03-24T16:58:52Z" finished-at="2021-03-24T16:59:05Z">
          <params>
            <param index="0">
              <value>
                <![CDATA[chrome]]>
              </value>
            </param>
            <param index="1">
              <value>
                <![CDATA[https://demo.nopcommerce.com/]]>
              </value>
            </param>
          </params>
          <reporter-output>
            <line>
              <![CDATA[[INFO ] [2021-03-24 23:58:58,613] Register_To_System - Step 01: Open Home Page
<br>]]>
            </line>
            <line>
              <![CDATA[[INFO ] [2021-03-24 23:58:58,638] Register_To_System - Step 02: Click to Register link
<br>]]>
            </line>
            <line>
              <![CDATA[[INFO ] [2021-03-24 23:59:01,422] Register_To_System - Step 03: Select gender male
<br>]]>
            </line>
            <line>
              <![CDATA[[INFO ] [2021-03-24 23:59:01,560] Register_To_System - Step 04: Input to Firstname with: Bernetta
<br>]]>
            </line>
            <line>
              <![CDATA[[INFO ] [2021-03-24 23:59:01,735] Register_To_System - Step 05: Input to Lastname with: Leannon
<br>]]>
            </line>
            <line>
              <![CDATA[[INFO ] [2021-03-24 23:59:01,902] Register_To_System - Step 06: Select day: 24
<br>]]>
            </line>
            <line>
              <![CDATA[[INFO ] [2021-03-24 23:59:02,043] Register_To_System - Step 07: Select month: August
<br>]]>
            </line>
            <line>
              <![CDATA[[INFO ] [2021-03-24 23:59:02,186] Register_To_System - Step 08: Select year: 1990
<br>]]>
            </line>
            <line>
              <![CDATA[[INFO ] [2021-03-24 23:59:02,345] Register_To_System - Step 09: Input to Email with: karla.price@gmail.com
<br>]]>
            </line>
            <line>
              <![CDATA[[INFO ] [2021-03-24 23:59:02,496] Register_To_System - Step 10: Input to Company name with: Jakubowski, Bartell and Roob
<br>]]>
            </line>
            <line>
              <![CDATA[[INFO ] [2021-03-24 23:59:02,661] Register_To_System - Step 11: Input to Password with: plehce3f1
<br>]]>
            </line>
            <line>
              <![CDATA[[INFO ] [2021-03-24 23:59:02,808] Register_To_System - Step 12: Input to Confirm Password with: plehce3f1
<br>]]>
            </line>
            <line>
              <![CDATA[[INFO ] [2021-03-24 23:59:02,955] Register_To_System - Step 13: Click to Register button
<br>]]>
            </line>
            <line>
              <![CDATA[[INFO ] [2021-03-24 23:59:05,205] Register_To_System - Step 14: Verify Register Success Message Displayed
<br>]]>
            </line>
            <line>
              <![CDATA[[INFO ] [2021-03-24 23:59:05,312]  -------------------------- PASSED -------------------------- 
<br>]]>
            </line>
          </reporter-output>
        </test-method> <!-- beforeTest -->
        <test-method status="PASS" signature="beforeClass(java.lang.String, java.lang.String)[pri:0, instance:com.nopcommerce.My_Account@1deb2c43]" name="beforeClass" is-config="true" duration-ms="13898" started-at="2021-03-24T16:59:06Z" finished-at="2021-03-24T16:59:19Z">
          <params>
            <param index="0">
              <value>
                <![CDATA[chrome]]>
              </value>
            </param>
            <param index="1">
              <value>
                <![CDATA[https://demo.nopcommerce.com/]]>
              </value>
            </param>
          </params>
          <reporter-output>
            <line>
              <![CDATA[[INFO ] [2021-03-24 23:59:10,152] Precondition 01: Open Home Page
<br>]]>
            </line>
            <line>
              <![CDATA[[INFO ] [2021-03-24 23:59:10,154] Precondition 02: Click to Login link
<br>]]>
            </line>
            <line>
              <![CDATA[[INFO ] [2021-03-24 23:59:13,561] Precondition 03: Input valid email to Email textbox with: karla.price@gmail.com
<br>]]>
            </line>
            <line>
              <![CDATA[[INFO ] [2021-03-24 23:59:13,720] Precondition 04: Input valid password to Password textbox with: plehce3f1
<br>]]>
            </line>
            <line>
              <![CDATA[[INFO ] [2021-03-24 23:59:13,886] Precondition 05: Click to Login button
<br>]]>
            </line>
            <line>
              <![CDATA[[INFO ] [2021-03-24 23:59:17,312] Precondition 06: Verify My Account Link Displayed
<br>]]>
            </line>
            <line>
              <![CDATA[[INFO ] [2021-03-24 23:59:17,384]  -------------------------- PASSED -------------------------- 
<br>]]>
            </line>
            <line>
              <![CDATA[[INFO ] [2021-03-24 23:59:17,384] Precondition 07: Click to My Account Link
<br>]]>
            </line>
          </reporter-output>
        </test-method> <!-- beforeClass -->
        <test-method status="PASS" signature="My_Account_01_Customer_Info()[pri:0, instance:com.nopcommerce.My_Account@1deb2c43]" name="My_Account_01_Customer_Info" duration-ms="4718" started-at="2021-03-24T16:59:19Z" finished-at="2021-03-24T16:59:24Z">
          <reporter-output>
            <line>
              <![CDATA[[INFO ] [2021-03-24 23:59:19,980] My_Account_01_Customer_Info - Step 01: Update Gender to female
<br>]]>
            </line>
            <line>
              <![CDATA[[INFO ] [2021-03-24 23:59:20,097] My_Account_01_Customer_Info - Step 02: Update Firstname to Jamie
<br>]]>
            </line>
            <line>
              <![CDATA[[INFO ] [2021-03-24 23:59:20,262] My_Account_01_Customer_Info - Step 03: Update Lastname to Tillman
<br>]]>
            </line>
            <line>
              <![CDATA[[INFO ] [2021-03-24 23:59:20,417] My_Account_01_Customer_Info - Step 04: Update DOB Day to 1
<br>]]>
            </line>
            <line>
              <![CDATA[[INFO ] [2021-03-24 23:59:20,571] My_Account_01_Customer_Info - Step 05: Update DOB Month to January
<br>]]>
            </line>
            <line>
              <![CDATA[[INFO ] [2021-03-24 23:59:20,723] My_Account_01_Customer_Info - Step 06: Update DOB Year to 1999
<br>]]>
            </line>
            <line>
              <![CDATA[[INFO ] [2021-03-24 23:59:20,870] My_Account_01_Customer_Info - Step 07: Update Email to caitlyn.stoltenberg@gmail.com
<br>]]>
            </line>
            <line>
              <![CDATA[[INFO ] [2021-03-24 23:59:21,029] My_Account_01_Customer_Info - Step 08: Update Company name to Kunze-Cormier
<br>]]>
            </line>
            <line>
              <![CDATA[[INFO ] [2021-03-24 23:59:21,191] My_Account_01_Customer_Info - Step 09: Click Save button
<br>]]>
            </line>
            <line>
              <![CDATA[[INFO ] [2021-03-24 23:59:23,161] My_Account_01_Customer_Info - Step 10: Verify new Gender
<br>]]>
            </line>
            <line>
              <![CDATA[[INFO ] [2021-03-24 23:59:23,255]  -------------------------- PASSED -------------------------- 
<br>]]>
            </line>
            <line>
              <![CDATA[[INFO ] [2021-03-24 23:59:23,256] My_Account_01_Customer_Info - Step 11: Verify new Firstname
<br>]]>
            </line>
            <line>
              <![CDATA[[INFO ] [2021-03-24 23:59:23,336]  -------------------------- PASSED -------------------------- 
<br>]]>
            </line>
            <line>
              <![CDATA[[INFO ] [2021-03-24 23:59:23,336] My_Account_01_Customer_Info - Step 12: Verify new Lastname
<br>]]>
            </line>
            <line>
              <![CDATA[[INFO ] [2021-03-24 23:59:23,401]  -------------------------- PASSED -------------------------- 
<br>]]>
            </line>
            <line>
              <![CDATA[[INFO ] [2021-03-24 23:59:23,401] My_Account_01_Customer_Info - Step 13: Verify new DOB Day
<br>]]>
            </line>
            <line>
              <![CDATA[[INFO ] [2021-03-24 23:59:23,528]  -------------------------- PASSED -------------------------- 
<br>]]>
            </line>
            <line>
              <![CDATA[[INFO ] [2021-03-24 23:59:23,528] My_Account_01_Customer_Info - Step 14: Verify new DOB Month
<br>]]>
            </line>
            <line>
              <![CDATA[[INFO ] [2021-03-24 23:59:23,636]  -------------------------- PASSED -------------------------- 
<br>]]>
            </line>
            <line>
              <![CDATA[[INFO ] [2021-03-24 23:59:23,636] My_Account_01_Customer_Info - Step 15: Verify new DOB Year
<br>]]>
            </line>
            <line>
              <![CDATA[[INFO ] [2021-03-24 23:59:24,498]  -------------------------- PASSED -------------------------- 
<br>]]>
            </line>
            <line>
              <![CDATA[[INFO ] [2021-03-24 23:59:24,498] My_Account_01_Customer_Info - Step 16: Verify new Email
<br>]]>
            </line>
            <line>
              <![CDATA[[INFO ] [2021-03-24 23:59:24,574]  -------------------------- PASSED -------------------------- 
<br>]]>
            </line>
            <line>
              <![CDATA[[INFO ] [2021-03-24 23:59:24,574] My_Account_01_Customer_Info - Step 17: Verify new Company name
<br>]]>
            </line>
            <line>
              <![CDATA[[INFO ] [2021-03-24 23:59:24,637]  -------------------------- PASSED -------------------------- 
<br>]]>
            </line>
          </reporter-output>
        </test-method> <!-- My_Account_01_Customer_Info -->
        <test-method status="PASS" signature="My_Account_02_Addresses()[pri:0, instance:com.nopcommerce.My_Account@1deb2c43]" name="My_Account_02_Addresses" duration-ms="9222" started-at="2021-03-24T16:59:24Z" finished-at="2021-03-24T16:59:33Z">
          <reporter-output>
            <line>
              <![CDATA[[INFO ] [2021-03-24 23:59:24,759] My_Account_02_Addresses - Step 01: Click to Addresses link
<br>]]>
            </line>
            <line>
              <![CDATA[[INFO ] [2021-03-24 23:59:28,035] My_Account_02_Addresses - Step 02: Click to Add new button
<br>]]>
            </line>
            <line>
              <![CDATA[[INFO ] [2021-03-24 23:59:29,680] My_Account_02_Addresses - Step 03: Input to Firstname with: Isidro
<br>]]>
            </line>
            <line>
              <![CDATA[[INFO ] [2021-03-24 23:59:29,858] My_Account_02_Addresses - Step 04: Input to Lastname with: Runolfsdottir
<br>]]>
            </line>
            <line>
              <![CDATA[[INFO ] [2021-03-24 23:59:30,027] My_Account_02_Addresses - Step 05: Input to Email with: ila.wuckert@hotmail.com
<br>]]>
            </line>
            <line>
              <![CDATA[[INFO ] [2021-03-24 23:59:30,196] My_Account_02_Addresses - Step 06: Input to Company with: Dickinson, Watsica and Bruen
<br>]]>
            </line>
            <line>
              <![CDATA[[INFO ] [2021-03-24 23:59:30,361] My_Account_02_Addresses - Step 07: Select Country with: United States
<br>]]>
            </line>
            <line>
              <![CDATA[[INFO ] [2021-03-24 23:59:30,511] My_Account_02_Addresses - Step 08: Select State/ province with: Alaska
<br>]]>
            </line>
            <line>
              <![CDATA[[INFO ] [2021-03-24 23:59:30,873] My_Account_02_Addresses - Step 09: Input to City with: West Dick
<br>]]>
            </line>
            <line>
              <![CDATA[[INFO ] [2021-03-24 23:59:31,016] My_Account_02_Addresses - Step 10: Input to Address 1 with: 5264 Gustavo Centers
<br>]]>
            </line>
            <line>
              <![CDATA[[INFO ] [2021-03-24 23:59:31,167] My_Account_02_Addresses - Step 11: Input to Address 2 with: 973 Dicki Fork
<br>]]>
            </line>
            <line>
              <![CDATA[[INFO ] [2021-03-24 23:59:31,300] My_Account_02_Addresses - Step 12: Input to Zip/ postal code with: 71169-3904
<br>]]>
            </line>
            <line>
              <![CDATA[[INFO ] [2021-03-24 23:59:31,457] My_Account_02_Addresses - Step 13: Input to Phone number with: 601-391-9683 x607
<br>]]>
            </line>
            <line>
              <![CDATA[[INFO ] [2021-03-24 23:59:31,607] My_Account_02_Addresses - Step 14: Input to Fax number with: 1-298-628-6924 x733
<br>]]>
            </line>
            <line>
              <![CDATA[[INFO ] [2021-03-24 23:59:31,767] My_Account_02_Addresses - Step 15: Click to Save button
<br>]]>
            </line>
            <line>
              <![CDATA[[INFO ] [2021-03-24 23:59:33,647] My_Account_02_Addresses - Step 16: Verify Fullname
<br>]]>
            </line>
            <line>
              <![CDATA[[INFO ] [2021-03-24 23:59:33,720]  -------------------------- PASSED -------------------------- 
<br>]]>
            </line>
            <line>
              <![CDATA[[INFO ] [2021-03-24 23:59:33,720] My_Account_02_Addresses - Step 18: Verify Email
<br>]]>
            </line>
            <line>
              <![CDATA[[INFO ] [2021-03-24 23:59:33,754]  -------------------------- PASSED -------------------------- 
<br>]]>
            </line>
            <line>
              <![CDATA[[INFO ] [2021-03-24 23:59:33,754] My_Account_02_Addresses - Step 19: Verify Company
<br>]]>
            </line>
            <line>
              <![CDATA[[INFO ] [2021-03-24 23:59:33,779]  -------------------------- PASSED -------------------------- 
<br>]]>
            </line>
            <line>
              <![CDATA[[INFO ] [2021-03-24 23:59:33,779] My_Account_02_Addresses - Step 20: Verify Country
<br>]]>
            </line>
            <line>
              <![CDATA[[INFO ] [2021-03-24 23:59:33,810]  -------------------------- PASSED -------------------------- 
<br>]]>
            </line>
            <line>
              <![CDATA[[INFO ] [2021-03-24 23:59:33,810] My_Account_02_Addresses - Step 21: Verify City State/ province Zip
<br>]]>
            </line>
            <line>
              <![CDATA[[INFO ] [2021-03-24 23:59:33,851]  -------------------------- PASSED -------------------------- 
<br>]]>
            </line>
            <line>
              <![CDATA[[INFO ] [2021-03-24 23:59:33,852] My_Account_02_Addresses - Step 22: Verify Address 1
<br>]]>
            </line>
            <line>
              <![CDATA[[INFO ] [2021-03-24 23:59:33,889]  -------------------------- PASSED -------------------------- 
<br>]]>
            </line>
            <line>
              <![CDATA[[INFO ] [2021-03-24 23:59:33,889] My_Account_02_Addresses - Step 23: Verify Address 2
<br>]]>
            </line>
            <line>
              <![CDATA[[INFO ] [2021-03-24 23:59:33,920]  -------------------------- PASSED -------------------------- 
<br>]]>
            </line>
            <line>
              <![CDATA[[INFO ] [2021-03-24 23:59:33,920] My_Account_02_Addresses - Step 24: Verify Phone number
<br>]]>
            </line>
            <line>
              <![CDATA[[INFO ] [2021-03-24 23:59:33,951]  -------------------------- PASSED -------------------------- 
<br>]]>
            </line>
            <line>
              <![CDATA[[INFO ] [2021-03-24 23:59:33,951] My_Account_02_Addresses - Step 25: Verify Fax number
<br>]]>
            </line>
            <line>
              <![CDATA[[INFO ] [2021-03-24 23:59:33,979]  -------------------------- PASSED -------------------------- 
<br>]]>
            </line>
          </reporter-output>
        </test-method> <!-- My_Account_02_Addresses -->
        <test-method status="PASS" signature="My_Account_03_Change_Password()[pri:0, instance:com.nopcommerce.My_Account@1deb2c43]" name="My_Account_03_Change_Password" duration-ms="15345" started-at="2021-03-24T16:59:33Z" finished-at="2021-03-24T16:59:49Z">
          <reporter-output>
            <line>
              <![CDATA[[INFO ] [2021-03-24 23:59:33,985] My_Account_03_Change_Password - Step 01: Click to Change Password link
<br>]]>
            </line>
            <line>
              <![CDATA[[INFO ] [2021-03-24 23:59:36,503] My_Account_03_Change_Password - Step 02: Input to Old Password with: plehce3f1
<br>]]>
            </line>
            <line>
              <![CDATA[[INFO ] [2021-03-24 23:59:36,681] My_Account_03_Change_Password - Step 03: Input to New Password with: gk2fo05heku808
<br>]]>
            </line>
            <line>
              <![CDATA[[INFO ] [2021-03-24 23:59:36,839] My_Account_03_Change_Password - Step 04: Input to Confirm New Password with: gk2fo05heku808
<br>]]>
            </line>
            <line>
              <![CDATA[[INFO ] [2021-03-24 23:59:36,985] My_Account_03_Change_Password - Step 05: Click to Change Password button
<br>]]>
            </line>
            <line>
              <![CDATA[[INFO ] [2021-03-24 23:59:38,559] My_Account_03_Change_Password - Step 06: Verify Password was changed
<br>]]>
            </line>
            <line>
              <![CDATA[[INFO ] [2021-03-24 23:59:38,647]  -------------------------- PASSED -------------------------- 
<br>]]>
            </line>
            <line>
              <![CDATA[[INFO ] [2021-03-24 23:59:38,647] My_Account_03_Change_Password - Step 07: Close Change Password Success Message
<br>]]>
            </line>
            <line>
              <![CDATA[[INFO ] [2021-03-24 23:59:39,772] My_Account_03_Change_Password - Step 08: Click to Log out link
<br>]]>
            </line>
            <line>
              <![CDATA[[INFO ] [2021-03-24 23:59:41,643] My_Account_03_Change_Password - Step 09: Click to Log in link
<br>]]>
            </line>
            <line>
              <![CDATA[[INFO ] [2021-03-24 23:59:44,213] My_Account_03_Change_Password - Step 10: Input to Email with: caitlyn.stoltenberg@gmail.com
<br>]]>
            </line>
            <line>
              <![CDATA[[INFO ] [2021-03-24 23:59:44,404] My_Account_03_Change_Password - Step 11: Input to Password with: plehce3f1
<br>]]>
            </line>
            <line>
              <![CDATA[[INFO ] [2021-03-24 23:59:44,542] My_Account_03_Change_Password - Step 12: Click to Log in button
<br>]]>
            </line>
            <line>
              <![CDATA[[INFO ] [2021-03-24 23:59:46,068] My_Account_03_Change_Password - Step 13: Verify Invalid Password Message Displayed
<br>]]>
            </line>
            <line>
              <![CDATA[[INFO ] [2021-03-24 23:59:46,173]  -------------------------- PASSED -------------------------- 
<br>]]>
            </line>
            <line>
              <![CDATA[[INFO ] [2021-03-24 23:59:46,173] My_Account_03_Change_Password - Step 14: Input to Email with: caitlyn.stoltenberg@gmail.com
<br>]]>
            </line>
            <line>
              <![CDATA[[INFO ] [2021-03-24 23:59:46,327] My_Account_03_Change_Password - Step 15: Input to Password with: gk2fo05heku808
<br>]]>
            </line>
            <line>
              <![CDATA[[INFO ] [2021-03-24 23:59:46,470] My_Account_03_Change_Password - Step 16: Click to Log in button
<br>]]>
            </line>
            <line>
              <![CDATA[[INFO ] [2021-03-24 23:59:49,243] My_Account_03_Change_Password - Step 17: Verify My Account Link Displayed
<br>]]>
            </line>
            <line>
              <![CDATA[[INFO ] [2021-03-24 23:59:49,328]  -------------------------- PASSED -------------------------- 
<br>]]>
            </line>
          </reporter-output>
        </test-method> <!-- My_Account_03_Change_Password -->
        <test-method status="PASS" signature="My_Account_04_My_Product_Reviews()[pri:0, instance:com.nopcommerce.My_Account@1deb2c43]" name="My_Account_04_My_Product_Reviews" duration-ms="10898" started-at="2021-03-24T16:59:49Z" finished-at="2021-03-24T17:00:00Z">
          <reporter-output>
            <line>
              <![CDATA[[INFO ] [2021-03-24 23:59:49,331] My_Account_04_My_Product_Reviews - Step 01: Click to Product name with: Apple MacBook Pro 13-inch
<br>]]>
            </line>
            <line>
              <![CDATA[[INFO ] [2021-03-24 23:59:51,626] My_Account_04_My_Product_Reviews - Step 02: Click to Add your review
<br>]]>
            </line>
            <line>
              <![CDATA[[INFO ] [2021-03-24 23:59:54,156] My_Account_04_My_Product_Reviews - Step 03: Input to Review title with: Review title
<br>]]>
            </line>
            <line>
              <![CDATA[[INFO ] [2021-03-24 23:59:54,347] My_Account_04_My_Product_Reviews - Step 04: Input to Review text with: Review text
<br>]]>
            </line>
            <line>
              <![CDATA[[INFO ] [2021-03-24 23:59:54,485] My_Account_04_My_Product_Reviews - Step 05: Select rating with value: 5
<br>]]>
            </line>
            <line>
              <![CDATA[[INFO ] [2021-03-24 23:59:54,600] My_Account_04_My_Product_Reviews - Step 06: Click to Submit review
<br>]]>
            </line>
            <line>
              <![CDATA[[INFO ] [2021-03-24 23:59:56,117] My_Account_04_My_Product_Reviews - Step 07: Verify Product review success message displayed
<br>]]>
            </line>
            <line>
              <![CDATA[[INFO ] [2021-03-24 23:59:56,220]  -------------------------- PASSED -------------------------- 
<br>]]>
            </line>
            <line>
              <![CDATA[[INFO ] [2021-03-24 23:59:56,221] My_Account_04_My_Product_Reviews - Step 08: Click to My Account link
<br>]]>
            </line>
            <line>
              <![CDATA[[INFO ] [2021-03-24 23:59:56,731] My_Account_04_My_Product_Reviews - Step 09: Click to My product reviews link
<br>]]>
            </line>
            <line>
              <![CDATA[[INFO ] [2021-03-24 23:59:59,983] My_Account_04_My_Product_Reviews - Step 10: Verify Review title
<br>]]>
            </line>
            <line>
              <![CDATA[[INFO ] [2021-03-25 00:00:00,077]  -------------------------- PASSED -------------------------- 
<br>]]>
            </line>
            <line>
              <![CDATA[[INFO ] [2021-03-25 00:00:00,077] My_Account_04_My_Product_Reviews - Step 11: Verify Review text
<br>]]>
            </line>
            <line>
              <![CDATA[[INFO ] [2021-03-25 00:00:00,158]  -------------------------- PASSED -------------------------- 
<br>]]>
            </line>
            <line>
              <![CDATA[[INFO ] [2021-03-25 00:00:00,159] My_Account_04_My_Product_Reviews - Step 12: Verify Rating
<br>]]>
            </line>
            <line>
              <![CDATA[[INFO ] [2021-03-25 00:00:00,227]  -------------------------- PASSED -------------------------- 
<br>]]>
            </line>
          </reporter-output>
        </test-method> <!-- My_Account_04_My_Product_Reviews -->
        <test-method status="PASS" signature="afterClass()[pri:0, instance:com.nopcommerce.My_Account@1deb2c43]" name="afterClass" is-config="true" duration-ms="835" started-at="2021-03-24T17:00:00Z" finished-at="2021-03-24T17:00:01Z">
          <reporter-output>
            <line>
              <![CDATA[[INFO ] [2021-03-25 00:00:01,063] ---------- QUIT BROWSER SUCCESS ----------
<br>]]>
            </line>
          </reporter-output>
        </test-method> <!-- afterClass -->
      </class> <!-- com.nopcommerce.My_Account -->
    </test> <!-- Run on Chrome -->
  </suite> <!-- Nop Commerce -->
</testng-results>
