<?xml version="1.0" encoding="UTF-8"?>
<!-- Generated by org.testng.reporters.JUnitXMLReporter -->
<testsuite hostname="DESKTOP-GKM8JN3" ignored="0" name="Run on Chrome" tests="16" failures="0" timestamp="28 Mar 2021 07:48:36 GMT" time="122.353" errors="0">
  <testcase name="Register_01_Register_With_Empty_Data" time="0.61" classname="com.nopcommerce.Register"/>
  <testcase name="Register_02_Register_With_Invalid_Email" time="1.123" classname="com.nopcommerce.Register"/>
  <testcase name="Register_03_Register_With_Existed_Email" time="2.214" classname="com.nopcommerce.Register"/>
  <testcase name="Register_04_Register_With_Invalid_Password" time="1.047" classname="com.nopcommerce.Register"/>
  <testcase name="Register_05_Register_With_Invalid_Confirm_Password" time="0.88" classname="com.nopcommerce.Register"/>
  <testcase name="Register_06_Register_With_Valid_Data" time="2.306" classname="com.nopcommerce.Register"/>
  <testcase name="Login_01_Login_With_Empty_Data" time="1.551" classname="com.nopcommerce.Login"/>
  <testcase name="Login_02_Login_With_Invalid_Email" time="1.515" classname="com.nopcommerce.Login"/>
  <testcase name="Login_03_Login_With_Not_Exist_Email" time="1.829" classname="com.nopcommerce.Login"/>
  <testcase name="Login_04_Login_With_Empty_Password" time="2.716" classname="com.nopcommerce.Login"/>
  <testcase name="Login_05_Login_With_Invalid_Password" time="2.733" classname="com.nopcommerce.Login"/>
  <testcase name="Login_06_Login_With_Valid_Data" time="2.405" classname="com.nopcommerce.Login"/>
  <testcase name="My_Account_01_Customer_Info" time="4.681" classname="com.nopcommerce.My_Account"/>
  <testcase name="My_Account_02_Addresses" time="8.729" classname="com.nopcommerce.My_Account"/>
  <testcase name="My_Account_03_Change_Password" time="15.878" classname="com.nopcommerce.My_Account"/>
  <testcase name="My_Account_04_My_Product_Reviews" time="9.012" classname="com.nopcommerce.My_Account"/>
</testsuite> <!-- Run on Chrome -->
