<?xml version="1.0" encoding="UTF-8"?>
<!-- Generated by org.testng.reporters.JUnitXMLReporter -->
<testsuite hostname="DESKTOP-GKM8JN3" ignored="0" name="Run on Chrome" tests="4" failures="0" timestamp="23 Mar 2021 17:43:44 GMT" time="71.723" errors="0">
  <testcase name="My_Account_01_Customer_Info" time="6.353" classname="com.nopcommerce.My_Account"/>
  <testcase name="My_Account_02_Addresses" time="8.676" classname="com.nopcommerce.My_Account"/>
  <testcase name="My_Account_03_Change_Password" time="17.434" classname="com.nopcommerce.My_Account"/>
  <testcase name="My_Account_04_My_Product_Reviews" time="9.819" classname="com.nopcommerce.My_Account"/>
</testsuite> <!-- Run on Chrome -->
