<?xml version="1.0" encoding="UTF-8"?>
<testsuite name="Run on Chrome"
           tests="6"
           failures="0"
           errors="0"
           skipped="0"
           time="12.749">
  <properties />
  
  
            <testcase name="Login_03_Login_With_Not_Exist_Email" time="1.829" classname="com.nopcommerce.Login" />
                <testcase name="Login_05_Login_With_Invalid_Password" time="2.733" classname="com.nopcommerce.Login" />
                <testcase name="Login_04_Login_With_Empty_Password" time="2.716" classname="com.nopcommerce.Login" />
                <testcase name="Login_06_Login_With_Valid_Data" time="2.405" classname="com.nopcommerce.Login" />
                <testcase name="Login_01_Login_With_Empty_Data" time="1.551" classname="com.nopcommerce.Login" />
                <testcase name="Login_02_Login_With_Invalid_Email" time="1.515" classname="com.nopcommerce.Login" />
      
</testsuite>
