<?xml version="1.0" encoding="UTF-8"?>
<testsuite name="Run on Chrome"
           tests="4"
           failures="0"
           errors="0"
           skipped="0"
           time="38.300">
  <properties />
  
  
            <testcase name="My_Account_02_Addresses" time="8.729" classname="com.nopcommerce.My_Account" />
                <testcase name="My_Account_01_Customer_Info" time="4.681" classname="com.nopcommerce.My_Account" />
                <testcase name="My_Account_04_My_Product_Reviews" time="9.012" classname="com.nopcommerce.My_Account" />
                <testcase name="My_Account_03_Change_Password" time="15.878" classname="com.nopcommerce.My_Account" />
      
</testsuite>
